JUPITER SIEM - CRITICAL TESTS REPORT
==================================================
Generated: 2025-09-19 12:48:47
Duration: 6.83 seconds
Total Tests: 4
Passed: 3
Failed: 1
Success Rate: 75.0%

DETAILED RESULTS:
------------------------------

tests/unit/test_auth.py:
  Status: PASSED
  Return Code: 0
  Output:
============================= test session starts =============================
collecting ... collected 11 items

tests/unit/test_auth.py::TestAuthentication::test_jwt_token_creation PASSED [  9%]
tests/unit/test_auth.py::TestAuthentication::test_jwt_token_verification PASSED [ 18%]
tests/unit/test_auth.py::TestAuthentication::test_jwt_token_expiration PASSED [ 27%]
tests/unit/test_auth.py::TestAuthentication::test_password_hashing PASSED [ 36%]
tests/unit/test_auth.py::TestAuthentication::test_2fa_token_generation PASSED [ 45%]
tests/unit/test_auth.py::TestAuthorization::test_role_permissions PASSED [ 54%]
tests/unit/test_auth.py::TestAuthorization::test_tenant_isolation PASSED [ 63%]
tests/unit/test_auth.py::TestSecurityValidation::test_input_sanitization PASSED [ 72%]
tests/unit/test_auth.py::TestSecurityValidation::test_password_policy PASSED [ 81%]
tests/unit/test_auth.py::TestCriticalAuthFlow::test_login_flow_validation PASSED [ 90%]
tests/unit/test_auth.py::TestCriticalAuthFlow::test_session_management PASSED [100%]

============================= 11 passed in 0.83s ==============================


tests/unit/test_api_endpoints.py:
  Status: PASSED
  Return Code: 0
  Output:
============================= test session starts =============================
collecting ... collected 18 items

tests/unit/test_api_endpoints.py::TestCriticalAPIEndpoints::test_health_check_endpoint SKIPPED [  5%]
tests/unit/test_api_endpoints.py::TestCriticalAPIEndpoints::test_healthz_endpoint SKIPPED [ 11%]
tests/unit/test_api_endpoints.py::TestCriticalAPIEndpoints::test_readyz_endpoint SKIPPED [ 16%]
tests/unit/test_api_endpoints.py::TestCriticalAPIEndpoints::test_login_endpoint_structure SKIPPED [ 22%]
tests/unit/test_api_endpoints.py::TestCriticalAPIEndpoints::test_dashboard_endpoint_protection SKIPPED [ 27%]
tests/unit/test_api_endpoints.py::TestCriticalAPIEndpoints::test_api_response_format SKIPPED [ 33%]
tests/unit/test_api_endpoints.py::TestCriticalAPIEndpoints::test_cors_headers SKIPPED [ 38%]
tests/unit/test_api_endpoints.py::TestCriticalAPIEndpoints::test_rate_limiting_headers SKIPPED [ 44%]
tests/unit/test_api_endpoints.py::TestAPIValidation::test_invalid_json_handling SKIPPED [ 50%]
tests/unit/test_api_endpoints.py::TestAPIValidation::test_missing_required_fields SKIPPED [ 55%]
tests/unit/test_api_endpoints.py::TestAPIValidation::test_oversized_payload SKIPPED [ 61%]
tests/unit/test_api_endpoints.py::TestSecurityHeaders::test_security_headers SKIPPED [ 66%]
tests/unit/test_api_endpoints.py::TestSecurityHeaders::test_content_type_validation SKIPPED [ 72%]
tests/unit/test_api_endpoints.py::TestErrorHandling::test_404_handling SKIPPED [ 77%]
tests/unit/test_api_endpoints.py::TestErrorHandling::test_method_not_allowed SKIPPED [ 83%]
tests/unit/test_api_endpoints.py::TestErrorHandling::test_server_error_handling SKIPPED [ 88%]
tests/unit/test_api_endpoints.py::TestCriticalAPIFlow::test_authentication_flow SKIPPED [ 94%]
tests/unit/test_api_endpoints.py::TestCriticalAPIFlow::test_data_validation_flow SKIPPED [100%]

============================= 18 skipped in 0.43s =============================


tests/unit/test_security.py:
  Status: FAILED
  Return Code: 1
  Output:
============================= test session starts =============================
collecting ... collected 13 items

tests/unit/test_security.py::TestInputValidation::test_sql_injection_prevention PASSED [  7%]
tests/unit/test_security.py::TestInputValidation::test_xss_prevention PASSED [ 15%]
tests/unit/test_security.py::TestInputValidation::test_path_traversal_prevention FAILED [ 23%]
tests/unit/test_security.py::TestInputValidation::test_command_injection_prevention PASSED [ 30%]
tests/unit/test_security.py::TestAuthenticationSecurity::test_password_strength_validation PASSED [ 38%]
tests/unit/test_security.py::TestAuthenticationSecurity::test_session_security PASSED [ 46%]
tests/unit/test_security.py::TestAuthenticationSecurity::test_brute_force_protection PASSED [ 53%]
tests/unit/test_security.py::TestDataEncryption::test_data_encryption PASSED [ 61%]
tests/unit/test_security.py::TestDataEncryption::test_password_hashing PASSED [ 69%]
tests/unit/test_security.py::TestDataEncryption::test_hmac_verification PASSED [ 76%]
tests/unit/test_security.py::TestSecurityHeaders::test_security_headers_validation PASSED [ 84%]
tests/unit/test_security.py::TestCriticalSecurityFlow::test_complete_security_validation PASSED [ 92%]
tests/unit/test_security.py::TestCriticalSecurityFlow::test_security_incident_detection PASSED [100%]

================================== FAILURES ===================================
_____________ TestInputValidation.test_path_traversal_prevention ______________
tests\unit\test_security.py:120: in test_path_traversal_prevention
    assert "../" not in sanitized
E   AssertionError: assert '../' not in '../../'
E     
E     '../' is contained here:
E       ../../
=========================== short test summary info ===========================
FAILED tests/unit/test_security.py::TestInputValidation::test_path_traversal_prevention - AssertionError: assert '../' not in '../../'
  
  '../' is contained here:
    ../../
======================== 1 failed, 12 passed in 0.82s =========================


tests/integration/test_database.py:
  Status: PASSED
  Return Code: 0
  Output:
============================= test session starts =============================
collecting ... collected 15 items

tests/integration/test_database.py::TestDatabaseConnection::test_database_connectivity PASSED [  6%]
tests/integration/test_database.py::TestDatabaseConnection::test_database_operations PASSED [ 13%]
tests/integration/test_database.py::TestDatabaseConnection::test_database_error_handling PASSED [ 20%]
tests/integration/test_database.py::TestDataModels::test_user_model_validation PASSED [ 26%]
tests/integration/test_database.py::TestDataModels::test_alert_model_validation PASSED [ 33%]
tests/integration/test_database.py::TestDataModels::test_log_model_validation PASSED [ 40%]
tests/integration/test_database.py::TestTenantIsolation::test_tenant_data_segregation PASSED [ 46%]
tests/integration/test_database.py::TestTenantIsolation::test_tenant_query_isolation PASSED [ 53%]
tests/integration/test_database.py::TestDataIntegrity::test_data_consistency PASSED [ 60%]
tests/integration/test_database.py::TestDataIntegrity::test_data_validation PASSED [ 66%]
tests/integration/test_database.py::TestDatabasePerformance::test_query_performance PASSED [ 73%]
tests/integration/test_database.py::TestDatabasePerformance::test_bulk_operations PASSED [ 80%]
tests/integration/test_database.py::TestDatabasePerformance::test_connection_pooling PASSED [ 86%]
tests/integration/test_database.py::TestCriticalDatabaseFlow::test_complete_data_flow PASSED [ 93%]
tests/integration/test_database.py::TestCriticalDatabaseFlow::test_error_recovery PASSED [100%]

============================= 15 passed in 0.20s ==============================

